<?xml version="1.0" encoding="UTF-8"?>
<testng-results skipped="0" failed="0" total="1" passed="1">
  <reporter-output>
  </reporter-output>
  <suite name="Surefire suite" duration-ms="20818" started-at="2014-11-11T15:25:51Z" finished-at="2014-11-11T15:26:12Z">
    <groups>
    </groups>
    <test name="Surefire test" duration-ms="20818" started-at="2014-11-11T15:25:51Z" finished-at="2014-11-11T15:26:12Z">
      <class name="ui.GoogleSearchTest">
        <test-method status="PASS" signature="setUp()[pri:0, instance:ui.GoogleSearchTest@70910539]" name="setUp" is-config="true" duration-ms="18647" started-at="2014-11-11T17:25:51Z" finished-at="2014-11-11T17:26:10Z">
          <reporter-output>
          </reporter-output>
        </test-method> <!-- setUp -->
        <test-method status="PASS" signature="searchTest()[pri:0, instance:ui.GoogleSearchTest@70910539]" name="searchTest" duration-ms="1793" started-at="2014-11-11T17:26:10Z" finished-at="2014-11-11T17:26:12Z">
          <reporter-output>
          </reporter-output>
        </test-method> <!-- searchTest -->
        <test-method status="PASS" signature="teraDown()[pri:0, instance:ui.GoogleSearchTest@70910539]" name="teraDown" is-config="true" duration-ms="361" started-at="2014-11-11T17:26:12Z" finished-at="2014-11-11T17:26:12Z">
          <reporter-output>
          </reporter-output>
        </test-method> <!-- teraDown -->
      </class> <!-- ui.GoogleSearchTest -->
    </test> <!-- Surefire test -->
  </suite> <!-- Surefire suite -->
</testng-results>
